{"C:\\Users\\User\\Desktop\\alex\\server_app\\src\\app\\server\\Server.ts": {"path":"C:\\Users\\User\\Desktop\\alex\\server_app\\src\\app\\server\\Server.ts","statementMap":{"0":{"start":{"line":1,"column":0},"end":{"line":1,"column":90}},"1":{"start":{"line":2,"column":0},"end":{"line":2,"column":48}},"2":{"start":{"line":3,"column":0},"end":{"line":3,"column":72}},"3":{"start":{"line":4,"column":0},"end":{"line":4,"column":56}},"4":{"start":{"line":5,"column":0},"end":{"line":5,"column":62}},"5":{"start":{"line":6,"column":0},"end":{"line":6,"column":70}},"6":{"start":{"line":7,"column":0},"end":{"line":7,"column":50}},"7":{"start":{"line":11,"column":10},"end":{"line":11,"column":40}},"8":{"start":{"line":12,"column":10},"end":{"line":12,"column":64}},"9":{"start":{"line":15,"column":4},"end":{"line":21,"column":7}},"10":{"start":{"line":15,"column":50},"end":{"line":21,"column":6}},"11":{"start":{"line":16,"column":8},"end":{"line":16,"column":69}},"12":{"start":{"line":17,"column":8},"end":{"line":17,"column":50}},"13":{"start":{"line":18,"column":8},"end":{"line":18,"column":43}},"14":{"start":{"line":19,"column":8},"end":{"line":19,"column":18}},"15":{"start":{"line":22,"column":4},"end":{"line":22,"column":29}},"16":{"start":{"line":23,"column":4},"end":{"line":23,"column":null}},"17":{"start":{"line":27,"column":4},"end":{"line":46,"column":5}},"18":{"start":{"line":28,"column":20},"end":{"line":28,"column":49}},"19":{"start":{"line":29,"column":6},"end":{"line":42,"column":7}},"20":{"start":{"line":31,"column":10},"end":{"line":31,"column":88}},"21":{"start":{"line":32,"column":10},"end":{"line":32,"column":16}},"22":{"start":{"line":34,"column":10},"end":{"line":34,"column":85}},"23":{"start":{"line":35,"column":10},"end":{"line":35,"column":16}},"24":{"start":{"line":37,"column":30},"end":{"line":37,"column":118}},"25":{"start":{"line":38,"column":10},"end":{"line":38,"column":44}},"26":{"start":{"line":39,"column":10},"end":{"line":39,"column":16}},"27":{"start":{"line":41,"column":10},"end":{"line":41,"column":16}},"28":{"start":{"line":44,"column":6},"end":{"line":44,"column":null}},"29":{"start":{"line":45,"column":6},"end":{"line":45,"column":25}},"30":{"start":{"line":50,"column":22},"end":{"line":50,"column":33}},"31":{"start":{"line":51,"column":4},"end":{"line":53,"column":5}},"32":{"start":{"line":52,"column":8},"end":{"line":52,"column":39}},"33":{"start":{"line":57,"column":4},"end":{"line":69,"column":5}},"34":{"start":{"line":58,"column":6},"end":{"line":58,"column":36}},"35":{"start":{"line":59,"column":6},"end":{"line":68,"column":9}},"36":{"start":{"line":60,"column":10},"end":{"line":67,"column":13}},"37":{"start":{"line":61,"column":14},"end":{"line":66,"column":15}},"38":{"start":{"line":62,"column":18},"end":{"line":62,"column":30}},"39":{"start":{"line":64,"column":18},"end":{"line":64,"column":47}},"40":{"start":{"line":65,"column":18},"end":{"line":65,"column":28}},"41":{"start":{"line":9,"column":0},"end":{"line":9,"column":13}}},"fnMap":{"0":{"name":"(anonymous_7)","decl":{"start":{"line":9,"column":0},"end":{"line":9,"column":13}},"loc":{"start":{"line":9,"column":0},"end":{"line":71,"column":1}}},"1":{"name":"(anonymous_8)","decl":{"start":{"line":14,"column":15},"end":{"line":14,"column":26}},"loc":{"start":{"line":14,"column":26},"end":{"line":24,"column":null}}},"2":{"name":"(anonymous_10)","decl":{"start":{"line":15,"column":31},"end":{"line":15,"column":38}},"loc":{"start":{"line":15,"column":50},"end":{"line":21,"column":6}}},"3":{"name":"(anonymous_11)","decl":{"start":{"line":15,"column":50},"end":{"line":15,"column":null}},"loc":{"start":{"line":15,"column":50},"end":{"line":21,"column":5}}},"4":{"name":"(anonymous_12)","decl":{"start":{"line":26,"column":16},"end":{"line":26,"column":29}},"loc":{"start":{"line":26,"column":80},"end":{"line":47,"column":null}}},"5":{"name":"(anonymous_14)","decl":{"start":{"line":49,"column":10},"end":{"line":49,"column":25}},"loc":{"start":{"line":49,"column":50},"end":{"line":54,"column":3}}},"6":{"name":"(anonymous_15)","decl":{"start":{"line":56,"column":15},"end":{"line":56,"column":25}},"loc":{"start":{"line":56,"column":25},"end":{"line":70,"column":null}}},"7":{"name":"(anonymous_17)","decl":{"start":{"line":59,"column":31},"end":{"line":59,"column":32}},"loc":{"start":{"line":59,"column":51},"end":{"line":68,"column":7}}},"8":{"name":"(anonymous_18)","decl":{"start":{"line":60,"column":29},"end":{"line":60,"column":30}},"loc":{"start":{"line":60,"column":37},"end":{"line":67,"column":11}}}},"branchMap":{"0":{"loc":{"start":{"line":29,"column":6},"end":{"line":42,"column":7}},"type":"switch","locations":[{"start":{"line":30,"column":8},"end":{"line":32,"column":16}},{"start":{"line":33,"column":8},"end":{"line":35,"column":16}},{"start":{"line":36,"column":8},"end":{"line":39,"column":16}},{"start":{"line":40,"column":8},"end":{"line":41,"column":16}}]},"1":{"loc":{"start":{"line":51,"column":4},"end":{"line":53,"column":5}},"type":"if","locations":[{"start":{"line":51,"column":4},"end":{"line":53,"column":5}}]},"2":{"loc":{"start":{"line":57,"column":4},"end":{"line":69,"column":5}},"type":"if","locations":[{"start":{"line":57,"column":4},"end":{"line":69,"column":5}}]},"3":{"loc":{"start":{"line":61,"column":14},"end":{"line":66,"column":15}},"type":"if","locations":[{"start":{"line":61,"column":14},"end":{"line":66,"column":15}},{"start":{"line":63,"column":21},"end":{"line":66,"column":15}}]}},"s":{"0":1,"1":1,"2":1,"3":1,"4":1,"5":1,"6":1,"7":5,"8":5,"9":5,"10":5,"11":5,"12":5,"13":5,"14":5,"15":5,"16":5,"17":5,"18":5,"19":5,"20":1,"21":1,"22":1,"23":1,"24":2,"25":2,"26":2,"27":1,"28":0,"29":0,"30":5,"31":5,"32":4,"33":0,"34":0,"35":0,"36":0,"37":0,"38":0,"39":0,"40":0,"41":1},"f":{"0":5,"1":5,"2":5,"3":5,"4":5,"5":5,"6":0,"7":0,"8":0},"b":{"0":[1,1,2,1],"1":[4],"2":[0],"3":[0,0]}}
}
