TN:
SF:src\app\server\Server.ts
FN:9,(anonymous_7)
FN:14,(anonymous_8)
FN:15,(anonymous_10)
FN:15,(anonymous_11)
FN:26,(anonymous_12)
FN:49,(anonymous_14)
FN:56,(anonymous_15)
FN:59,(anonymous_17)
FN:60,(anonymous_18)
FNF:9
FNH:6
FNDA:5,(anonymous_7)
FNDA:5,(anonymous_8)
FNDA:5,(anonymous_10)
FNDA:5,(anonymous_11)
FNDA:5,(anonymous_12)
FNDA:5,(anonymous_14)
FNDA:0,(anonymous_15)
FNDA:0,(anonymous_17)
FNDA:0,(anonymous_18)
DA:1,1
DA:2,1
DA:3,1
DA:4,1
DA:5,1
DA:6,1
DA:7,1
DA:9,1
DA:11,5
DA:12,5
DA:15,5
DA:16,5
DA:17,5
DA:18,5
DA:19,5
DA:22,5
DA:23,5
DA:27,5
DA:28,5
DA:29,5
DA:31,1
DA:32,1
DA:34,1
DA:35,1
DA:37,2
DA:38,2
DA:39,2
DA:41,1
DA:44,0
DA:45,0
DA:50,5
DA:51,5
DA:52,4
DA:57,0
DA:58,0
DA:59,0
DA:60,0
DA:61,0
DA:62,0
DA:64,0
DA:65,0
LF:41
LH:31
BRDA:29,0,0,1
BRDA:29,0,1,1
BRDA:29,0,2,2
BRDA:29,0,3,1
BRDA:51,1,0,4
BRDA:57,2,0,0
BRDA:61,3,0,0
BRDA:61,3,1,0
BRF:8
BRH:5
end_of_record
